2025-11-11T14:06:07: 
> connectflow@0.1.0 start
> next start -p 3001

2025-11-11T14:06:08: 2025-11-11T14:06:08: 2025-11-11T14:06:08: 2025-11-11T14:10:16: 
> connectflow@0.1.0 start
> next start -p 3001

2025-11-11T14:13:35: 
> connectflow@0.1.0 start
> next start -p 3001

2025-11-11T14:13:36: 2025-11-11T14:13:36: 2025-11-11T14:13:36: 2025-11-11T14:14:46: 
> connectflow@0.1.0 start
> next start -p 3001

2025-11-11T14:14:47: 2025-11-11T14:14:47: 2025-11-11T14:17:18: 
> connectflow@0.1.0 start
> next start -p 3001

2025-11-11T14:17:19: 2025-11-11T14:17:19: 2025-11-11T14:17:19: 2025-11-11T14:19:24: 
> connectflow@0.1.0 start
> next start -p $PORT || 3005

2025-11-24T13:34:28: 
> connectflow@0.1.0 start
> PORT=${PORT:-3005} next start -p $PORT

2025-12-31T20:46:37: 
2025-12-31T20:46:37: > connectflow@0.1.0 start /home/ubuntu/htdocs/connectflow
2025-12-31T20:46:37: > PORT=${PORT:-3005} next start -p $PORT
2025-12-31T20:46:37: 
2025-12-31T20:46:38:    ▲ Next.js 15.3.2
2025-12-31T20:46:38:    - Local:        http://localhost:3005
2025-12-31T20:46:38:    - Network:      http://31.97.207.118:3005
2025-12-31T20:46:38: 
2025-12-31T20:46:38:  ✓ Starting...
2025-12-31T20:46:38:  ✓ Ready in 487ms
2025-12-31T20:46:38: ✅ Cloudinary configured successfully
2026-01-01T03:18:56:  ⚠ Unsupported metadata viewport is configured in metadata export in /connectflow.jpg. Please move it to viewport export instead.
2026-01-01T03:18:56: Read more: https://nextjs.org/docs/app/api-reference/functions/generate-viewport
2026-01-01T03:18:56:  ⚠ Unsupported metadata viewport is configured in metadata export in /homepage.png. Please move it to viewport export instead.
2026-01-01T03:18:56: Read more: https://nextjs.org/docs/app/api-reference/functions/generate-viewport
2026-01-01T03:18:56:  ⨯ The requested resource isn't a valid image for /homepage.png received text/html; charset=utf-8
